/*C3*/SET SCHEMA PUBLIC
DROP TABLE IF EXISTS messendb
CREATE TABLE messendb\u000a(id INT NOT NULL GENERATED BY DEFAULT AS IDENTITY,\u000atype VARCHAR(30) NOT NULL,\u000aproductieDag DATE,\u000alengte DOUBLE PRECISION NOT NULL,\u000amateriaal VARCHAR(30) NOT NULL,\u000ahardheid INT NOT NULL,\u000alemmet VARCHAR(30))\u000a
INSERT INTO MESSENDB VALUES(0,'Koksmes','2015-03-10',20.5E0,'Roestvrij staal',58,'Normaal')
COMMIT
INSERT INTO MESSENDB VALUES(1,'Broodmes','2019-09-05',22.2E0,'High Carbon Steel',62,'Schaapsvoet')
COMMIT
INSERT INTO MESSENDB VALUES(2,'Vleesmes','2007-07-14',25.1E0,'Roestvrij staal',56,'Droppoint')
COMMIT
INSERT INTO MESSENDB VALUES(3,'Santokumes','2018-02-03',18.8E0,'Damascus staal',60,'Klip')
COMMIT
INSERT INTO MESSENDB VALUES(4,'Schilmes','2012-05-20',10.3E0,'Koolstofstaal',54,'Normaal')
COMMIT
INSERT INTO MESSENDB VALUES(5,'Fileermes','2010-08-08',15.7E0,'Roestvrij staal',59,'Schaapsvoet')
COMMIT
INSERT INTO MESSENDB VALUES(6,'Nakiri-mes','2017-06-12',16.4E0,'High Carbon Stainless Steel',61,'Schaapsvoet')
COMMIT
INSERT INTO MESSENDB VALUES(7,'Uitbeenmes','2005-10-18',14.9E0,'Roestvrij staal',55,'Klip')
COMMIT
INSERT INTO MESSENDB VALUES(8,'Steakmes','2014-03-30',12.6E0,'Roestvrij staal',57,'Normaal')
COMMIT
INSERT INTO MESSENDB VALUES(9,'Keukenmes','2022-09-07',19.2E0,'Damascus staal',63,'Schaapsvoet')
COMMIT
INSERT INTO MESSENDB VALUES(10,'Visfileermes','2011-01-25',18.5E0,'High Carbon Stainless Steel',58,'Droppoint')
COMMIT
INSERT INTO MESSENDB VALUES(11,'Hakmes','2013-04-09',20.7E0,'High Carbon Steel',60,'Klip')
COMMIT
INSERT INTO MESSENDB VALUES(12,'Schilmes','2016-08-22',8.9E0,'Roestvrij staal',56,'Normaal')
COMMIT
INSERT INTO MESSENDB VALUES(13,'Gyuto-mes','2018-05-11',21.3E0,'Damascus staal',61,'Schaapsvoet')
COMMIT
INSERT INTO MESSENDB VALUES(14,'Jachtmes','2002-10-17',12.4E0,'Roestvrij staal',58,'Droppoint')
COMMIT
DELETE FROM MESSENDB WHERE ID=0 AND TYPE='Koksmes' AND PRODUCTIEDAG='2015-03-10' AND LENGTE=20.5E0 AND MATERIAAL='Roestvrij staal' AND HARDHEID=58 AND LEMMET='Normaal'
DELETE FROM MESSENDB WHERE ID=1 AND TYPE='Broodmes' AND PRODUCTIEDAG='2019-09-05' AND LENGTE=22.2E0 AND MATERIAAL='High Carbon Steel' AND HARDHEID=62 AND LEMMET='Schaapsvoet'
DELETE FROM MESSENDB WHERE ID=2 AND TYPE='Vleesmes' AND PRODUCTIEDAG='2007-07-14' AND LENGTE=25.1E0 AND MATERIAAL='Roestvrij staal' AND HARDHEID=56 AND LEMMET='Droppoint'
DELETE FROM MESSENDB WHERE ID=3 AND TYPE='Santokumes' AND PRODUCTIEDAG='2018-02-03' AND LENGTE=18.8E0 AND MATERIAAL='Damascus staal' AND HARDHEID=60 AND LEMMET='Klip'
DELETE FROM MESSENDB WHERE ID=4 AND TYPE='Schilmes' AND PRODUCTIEDAG='2012-05-20' AND LENGTE=10.3E0 AND MATERIAAL='Koolstofstaal' AND HARDHEID=54 AND LEMMET='Normaal'
DELETE FROM MESSENDB WHERE ID=5 AND TYPE='Fileermes' AND PRODUCTIEDAG='2010-08-08' AND LENGTE=15.7E0 AND MATERIAAL='Roestvrij staal' AND HARDHEID=59 AND LEMMET='Schaapsvoet'
DELETE FROM MESSENDB WHERE ID=6 AND TYPE='Nakiri-mes' AND PRODUCTIEDAG='2017-06-12' AND LENGTE=16.4E0 AND MATERIAAL='High Carbon Stainless Steel' AND HARDHEID=61 AND LEMMET='Schaapsvoet'
DELETE FROM MESSENDB WHERE ID=7 AND TYPE='Uitbeenmes' AND PRODUCTIEDAG='2005-10-18' AND LENGTE=14.9E0 AND MATERIAAL='Roestvrij staal' AND HARDHEID=55 AND LEMMET='Klip'
DELETE FROM MESSENDB WHERE ID=8 AND TYPE='Steakmes' AND PRODUCTIEDAG='2014-03-30' AND LENGTE=12.6E0 AND MATERIAAL='Roestvrij staal' AND HARDHEID=57 AND LEMMET='Normaal'
DELETE FROM MESSENDB WHERE ID=9 AND TYPE='Keukenmes' AND PRODUCTIEDAG='2022-09-07' AND LENGTE=19.2E0 AND MATERIAAL='Damascus staal' AND HARDHEID=63 AND LEMMET='Schaapsvoet'
DELETE FROM MESSENDB WHERE ID=10 AND TYPE='Visfileermes' AND PRODUCTIEDAG='2011-01-25' AND LENGTE=18.5E0 AND MATERIAAL='High Carbon Stainless Steel' AND HARDHEID=58 AND LEMMET='Droppoint'
DELETE FROM MESSENDB WHERE ID=11 AND TYPE='Hakmes' AND PRODUCTIEDAG='2013-04-09' AND LENGTE=20.7E0 AND MATERIAAL='High Carbon Steel' AND HARDHEID=60 AND LEMMET='Klip'
DELETE FROM MESSENDB WHERE ID=12 AND TYPE='Schilmes' AND PRODUCTIEDAG='2016-08-22' AND LENGTE=8.9E0 AND MATERIAAL='Roestvrij staal' AND HARDHEID=56 AND LEMMET='Normaal'
DELETE FROM MESSENDB WHERE ID=13 AND TYPE='Gyuto-mes' AND PRODUCTIEDAG='2018-05-11' AND LENGTE=21.3E0 AND MATERIAAL='Damascus staal' AND HARDHEID=61 AND LEMMET='Schaapsvoet'
DELETE FROM MESSENDB WHERE ID=14 AND TYPE='Jachtmes' AND PRODUCTIEDAG='2002-10-17' AND LENGTE=12.4E0 AND MATERIAAL='Roestvrij staal' AND HARDHEID=58 AND LEMMET='Droppoint'
COMMIT
INSERT INTO MESSENDB VALUES(15,'Koksmes','2015-03-10',20.5E0,'Roestvrij staal',58,'Normaal')
COMMIT
INSERT INTO MESSENDB VALUES(16,'Broodmes','2019-09-05',22.2E0,'High Carbon Steel',62,'Schaapsvoet')
COMMIT
INSERT INTO MESSENDB VALUES(17,'Vleesmes','2007-07-14',25.1E0,'Roestvrij staal',56,'Droppoint')
COMMIT
INSERT INTO MESSENDB VALUES(18,'Santokumes','2018-02-03',18.8E0,'Damascus staal',60,'Klip')
COMMIT
INSERT INTO MESSENDB VALUES(19,'Schilmes','2012-05-20',10.3E0,'Koolstofstaal',54,'Normaal')
COMMIT
INSERT INTO MESSENDB VALUES(20,'Fileermes','2010-08-08',15.7E0,'Roestvrij staal',59,'Schaapsvoet')
COMMIT
INSERT INTO MESSENDB VALUES(21,'Nakiri-mes','2017-06-12',16.4E0,'High Carbon Stainless Steel',61,'Schaapsvoet')
COMMIT
INSERT INTO MESSENDB VALUES(22,'Uitbeenmes','2005-10-18',14.9E0,'Roestvrij staal',55,'Klip')
COMMIT
INSERT INTO MESSENDB VALUES(23,'Steakmes','2014-03-30',12.6E0,'Roestvrij staal',57,'Normaal')
COMMIT
INSERT INTO MESSENDB VALUES(24,'Keukenmes','2022-09-07',19.2E0,'Damascus staal',63,'Schaapsvoet')
COMMIT
INSERT INTO MESSENDB VALUES(25,'Visfileermes','2011-01-25',18.5E0,'High Carbon Stainless Steel',58,'Droppoint')
COMMIT
INSERT INTO MESSENDB VALUES(26,'Hakmes','2013-04-09',20.7E0,'High Carbon Steel',60,'Klip')
COMMIT
INSERT INTO MESSENDB VALUES(27,'Schilmes','2016-08-22',8.9E0,'Roestvrij staal',56,'Normaal')
COMMIT
INSERT INTO MESSENDB VALUES(28,'Gyuto-mes','2018-05-11',21.3E0,'Damascus staal',61,'Schaapsvoet')
COMMIT
INSERT INTO MESSENDB VALUES(29,'Jachtmes','2002-10-17',12.4E0,'Roestvrij staal',58,'Droppoint')
COMMIT
DELETE FROM MESSENDB WHERE ID=15 AND TYPE='Koksmes' AND PRODUCTIEDAG='2015-03-10' AND LENGTE=20.5E0 AND MATERIAAL='Roestvrij staal' AND HARDHEID=58 AND LEMMET='Normaal'
DELETE FROM MESSENDB WHERE ID=16 AND TYPE='Broodmes' AND PRODUCTIEDAG='2019-09-05' AND LENGTE=22.2E0 AND MATERIAAL='High Carbon Steel' AND HARDHEID=62 AND LEMMET='Schaapsvoet'
DELETE FROM MESSENDB WHERE ID=17 AND TYPE='Vleesmes' AND PRODUCTIEDAG='2007-07-14' AND LENGTE=25.1E0 AND MATERIAAL='Roestvrij staal' AND HARDHEID=56 AND LEMMET='Droppoint'
DELETE FROM MESSENDB WHERE ID=18 AND TYPE='Santokumes' AND PRODUCTIEDAG='2018-02-03' AND LENGTE=18.8E0 AND MATERIAAL='Damascus staal' AND HARDHEID=60 AND LEMMET='Klip'
DELETE FROM MESSENDB WHERE ID=19 AND TYPE='Schilmes' AND PRODUCTIEDAG='2012-05-20' AND LENGTE=10.3E0 AND MATERIAAL='Koolstofstaal' AND HARDHEID=54 AND LEMMET='Normaal'
DELETE FROM MESSENDB WHERE ID=20 AND TYPE='Fileermes' AND PRODUCTIEDAG='2010-08-08' AND LENGTE=15.7E0 AND MATERIAAL='Roestvrij staal' AND HARDHEID=59 AND LEMMET='Schaapsvoet'
DELETE FROM MESSENDB WHERE ID=21 AND TYPE='Nakiri-mes' AND PRODUCTIEDAG='2017-06-12' AND LENGTE=16.4E0 AND MATERIAAL='High Carbon Stainless Steel' AND HARDHEID=61 AND LEMMET='Schaapsvoet'
DELETE FROM MESSENDB WHERE ID=22 AND TYPE='Uitbeenmes' AND PRODUCTIEDAG='2005-10-18' AND LENGTE=14.9E0 AND MATERIAAL='Roestvrij staal' AND HARDHEID=55 AND LEMMET='Klip'
DELETE FROM MESSENDB WHERE ID=23 AND TYPE='Steakmes' AND PRODUCTIEDAG='2014-03-30' AND LENGTE=12.6E0 AND MATERIAAL='Roestvrij staal' AND HARDHEID=57 AND LEMMET='Normaal'
DELETE FROM MESSENDB WHERE ID=24 AND TYPE='Keukenmes' AND PRODUCTIEDAG='2022-09-07' AND LENGTE=19.2E0 AND MATERIAAL='Damascus staal' AND HARDHEID=63 AND LEMMET='Schaapsvoet'
DELETE FROM MESSENDB WHERE ID=25 AND TYPE='Visfileermes' AND PRODUCTIEDAG='2011-01-25' AND LENGTE=18.5E0 AND MATERIAAL='High Carbon Stainless Steel' AND HARDHEID=58 AND LEMMET='Droppoint'
DELETE FROM MESSENDB WHERE ID=26 AND TYPE='Hakmes' AND PRODUCTIEDAG='2013-04-09' AND LENGTE=20.7E0 AND MATERIAAL='High Carbon Steel' AND HARDHEID=60 AND LEMMET='Klip'
DELETE FROM MESSENDB WHERE ID=27 AND TYPE='Schilmes' AND PRODUCTIEDAG='2016-08-22' AND LENGTE=8.9E0 AND MATERIAAL='Roestvrij staal' AND HARDHEID=56 AND LEMMET='Normaal'
DELETE FROM MESSENDB WHERE ID=28 AND TYPE='Gyuto-mes' AND PRODUCTIEDAG='2018-05-11' AND LENGTE=21.3E0 AND MATERIAAL='Damascus staal' AND HARDHEID=61 AND LEMMET='Schaapsvoet'
DELETE FROM MESSENDB WHERE ID=29 AND TYPE='Jachtmes' AND PRODUCTIEDAG='2002-10-17' AND LENGTE=12.4E0 AND MATERIAAL='Roestvrij staal' AND HARDHEID=58 AND LEMMET='Droppoint'
COMMIT
INSERT INTO MESSENDB VALUES(30,'Koksmes','2015-03-10',20.5E0,'Roestvrij staal',58,'Normaal')
COMMIT
INSERT INTO MESSENDB VALUES(31,'Broodmes','2019-09-05',22.2E0,'High Carbon Steel',62,'Schaapsvoet')
COMMIT
INSERT INTO MESSENDB VALUES(32,'Vleesmes','2007-07-14',25.1E0,'Roestvrij staal',56,'Droppoint')
COMMIT
INSERT INTO MESSENDB VALUES(33,'Santokumes','2018-02-03',18.8E0,'Damascus staal',60,'Klip')
COMMIT
INSERT INTO MESSENDB VALUES(34,'Schilmes','2012-05-20',10.3E0,'Koolstofstaal',54,'Normaal')
COMMIT
INSERT INTO MESSENDB VALUES(35,'Fileermes','2010-08-08',15.7E0,'Roestvrij staal',59,'Schaapsvoet')
COMMIT
INSERT INTO MESSENDB VALUES(36,'Nakiri-mes','2017-06-12',16.4E0,'High Carbon Stainless Steel',61,'Schaapsvoet')
COMMIT
INSERT INTO MESSENDB VALUES(37,'Uitbeenmes','2005-10-18',14.9E0,'Roestvrij staal',55,'Klip')
COMMIT
INSERT INTO MESSENDB VALUES(38,'Steakmes','2014-03-30',12.6E0,'Roestvrij staal',57,'Normaal')
COMMIT
INSERT INTO MESSENDB VALUES(39,'Keukenmes','2022-09-07',19.2E0,'Damascus staal',63,'Schaapsvoet')
COMMIT
INSERT INTO MESSENDB VALUES(40,'Visfileermes','2011-01-25',18.5E0,'High Carbon Stainless Steel',58,'Droppoint')
COMMIT
INSERT INTO MESSENDB VALUES(41,'Hakmes','2013-04-09',20.7E0,'High Carbon Steel',60,'Klip')
COMMIT
INSERT INTO MESSENDB VALUES(42,'Schilmes','2016-08-22',8.9E0,'Roestvrij staal',56,'Normaal')
COMMIT
INSERT INTO MESSENDB VALUES(43,'Gyuto-mes','2018-05-11',21.3E0,'Damascus staal',61,'Schaapsvoet')
COMMIT
INSERT INTO MESSENDB VALUES(44,'Jachtmes','2002-10-17',12.4E0,'Roestvrij staal',58,'Droppoint')
COMMIT
DELETE FROM MESSENDB WHERE ID=30 AND TYPE='Koksmes' AND PRODUCTIEDAG='2015-03-10' AND LENGTE=20.5E0 AND MATERIAAL='Roestvrij staal' AND HARDHEID=58 AND LEMMET='Normaal'
DELETE FROM MESSENDB WHERE ID=31 AND TYPE='Broodmes' AND PRODUCTIEDAG='2019-09-05' AND LENGTE=22.2E0 AND MATERIAAL='High Carbon Steel' AND HARDHEID=62 AND LEMMET='Schaapsvoet'
DELETE FROM MESSENDB WHERE ID=32 AND TYPE='Vleesmes' AND PRODUCTIEDAG='2007-07-14' AND LENGTE=25.1E0 AND MATERIAAL='Roestvrij staal' AND HARDHEID=56 AND LEMMET='Droppoint'
DELETE FROM MESSENDB WHERE ID=33 AND TYPE='Santokumes' AND PRODUCTIEDAG='2018-02-03' AND LENGTE=18.8E0 AND MATERIAAL='Damascus staal' AND HARDHEID=60 AND LEMMET='Klip'
DELETE FROM MESSENDB WHERE ID=34 AND TYPE='Schilmes' AND PRODUCTIEDAG='2012-05-20' AND LENGTE=10.3E0 AND MATERIAAL='Koolstofstaal' AND HARDHEID=54 AND LEMMET='Normaal'
DELETE FROM MESSENDB WHERE ID=35 AND TYPE='Fileermes' AND PRODUCTIEDAG='2010-08-08' AND LENGTE=15.7E0 AND MATERIAAL='Roestvrij staal' AND HARDHEID=59 AND LEMMET='Schaapsvoet'
DELETE FROM MESSENDB WHERE ID=36 AND TYPE='Nakiri-mes' AND PRODUCTIEDAG='2017-06-12' AND LENGTE=16.4E0 AND MATERIAAL='High Carbon Stainless Steel' AND HARDHEID=61 AND LEMMET='Schaapsvoet'
DELETE FROM MESSENDB WHERE ID=37 AND TYPE='Uitbeenmes' AND PRODUCTIEDAG='2005-10-18' AND LENGTE=14.9E0 AND MATERIAAL='Roestvrij staal' AND HARDHEID=55 AND LEMMET='Klip'
DELETE FROM MESSENDB WHERE ID=38 AND TYPE='Steakmes' AND PRODUCTIEDAG='2014-03-30' AND LENGTE=12.6E0 AND MATERIAAL='Roestvrij staal' AND HARDHEID=57 AND LEMMET='Normaal'
DELETE FROM MESSENDB WHERE ID=39 AND TYPE='Keukenmes' AND PRODUCTIEDAG='2022-09-07' AND LENGTE=19.2E0 AND MATERIAAL='Damascus staal' AND HARDHEID=63 AND LEMMET='Schaapsvoet'
DELETE FROM MESSENDB WHERE ID=40 AND TYPE='Visfileermes' AND PRODUCTIEDAG='2011-01-25' AND LENGTE=18.5E0 AND MATERIAAL='High Carbon Stainless Steel' AND HARDHEID=58 AND LEMMET='Droppoint'
DELETE FROM MESSENDB WHERE ID=41 AND TYPE='Hakmes' AND PRODUCTIEDAG='2013-04-09' AND LENGTE=20.7E0 AND MATERIAAL='High Carbon Steel' AND HARDHEID=60 AND LEMMET='Klip'
DELETE FROM MESSENDB WHERE ID=42 AND TYPE='Schilmes' AND PRODUCTIEDAG='2016-08-22' AND LENGTE=8.9E0 AND MATERIAAL='Roestvrij staal' AND HARDHEID=56 AND LEMMET='Normaal'
DELETE FROM MESSENDB WHERE ID=43 AND TYPE='Gyuto-mes' AND PRODUCTIEDAG='2018-05-11' AND LENGTE=21.3E0 AND MATERIAAL='Damascus staal' AND HARDHEID=61 AND LEMMET='Schaapsvoet'
DELETE FROM MESSENDB WHERE ID=44 AND TYPE='Jachtmes' AND PRODUCTIEDAG='2002-10-17' AND LENGTE=12.4E0 AND MATERIAAL='Roestvrij staal' AND HARDHEID=58 AND LEMMET='Droppoint'
COMMIT
INSERT INTO MESSENDB VALUES(45,'Koksmes','2015-03-10',20.5E0,'Roestvrij staal',58,'Normaal')
COMMIT
INSERT INTO MESSENDB VALUES(46,'Broodmes','2019-09-05',22.2E0,'High Carbon Steel',62,'Schaapsvoet')
COMMIT
INSERT INTO MESSENDB VALUES(47,'Vleesmes','2007-07-14',25.1E0,'Roestvrij staal',56,'Droppoint')
COMMIT
INSERT INTO MESSENDB VALUES(48,'Santokumes','2018-02-03',18.8E0,'Damascus staal',60,'Klip')
COMMIT
INSERT INTO MESSENDB VALUES(49,'Schilmes','2012-05-20',10.3E0,'Koolstofstaal',54,'Normaal')
COMMIT
INSERT INTO MESSENDB VALUES(50,'Fileermes','2010-08-08',15.7E0,'Roestvrij staal',59,'Schaapsvoet')
COMMIT
INSERT INTO MESSENDB VALUES(51,'Nakiri-mes','2017-06-12',16.4E0,'High Carbon Stainless Steel',61,'Schaapsvoet')
COMMIT
INSERT INTO MESSENDB VALUES(52,'Uitbeenmes','2005-10-18',14.9E0,'Roestvrij staal',55,'Klip')
COMMIT
INSERT INTO MESSENDB VALUES(53,'Steakmes','2014-03-30',12.6E0,'Roestvrij staal',57,'Normaal')
COMMIT
INSERT INTO MESSENDB VALUES(54,'Keukenmes','2022-09-07',19.2E0,'Damascus staal',63,'Schaapsvoet')
COMMIT
INSERT INTO MESSENDB VALUES(55,'Visfileermes','2011-01-25',18.5E0,'High Carbon Stainless Steel',58,'Droppoint')
COMMIT
INSERT INTO MESSENDB VALUES(56,'Hakmes','2013-04-09',20.7E0,'High Carbon Steel',60,'Klip')
COMMIT
INSERT INTO MESSENDB VALUES(57,'Schilmes','2016-08-22',8.9E0,'Roestvrij staal',56,'Normaal')
COMMIT
INSERT INTO MESSENDB VALUES(58,'Gyuto-mes','2018-05-11',21.3E0,'Damascus staal',61,'Schaapsvoet')
COMMIT
INSERT INTO MESSENDB VALUES(59,'Jachtmes','2002-10-17',12.4E0,'Roestvrij staal',58,'Droppoint')
COMMIT
DELETE FROM MESSENDB WHERE ID=45 AND TYPE='Koksmes' AND PRODUCTIEDAG='2015-03-10' AND LENGTE=20.5E0 AND MATERIAAL='Roestvrij staal' AND HARDHEID=58 AND LEMMET='Normaal'
DELETE FROM MESSENDB WHERE ID=46 AND TYPE='Broodmes' AND PRODUCTIEDAG='2019-09-05' AND LENGTE=22.2E0 AND MATERIAAL='High Carbon Steel' AND HARDHEID=62 AND LEMMET='Schaapsvoet'
DELETE FROM MESSENDB WHERE ID=47 AND TYPE='Vleesmes' AND PRODUCTIEDAG='2007-07-14' AND LENGTE=25.1E0 AND MATERIAAL='Roestvrij staal' AND HARDHEID=56 AND LEMMET='Droppoint'
DELETE FROM MESSENDB WHERE ID=48 AND TYPE='Santokumes' AND PRODUCTIEDAG='2018-02-03' AND LENGTE=18.8E0 AND MATERIAAL='Damascus staal' AND HARDHEID=60 AND LEMMET='Klip'
DELETE FROM MESSENDB WHERE ID=49 AND TYPE='Schilmes' AND PRODUCTIEDAG='2012-05-20' AND LENGTE=10.3E0 AND MATERIAAL='Koolstofstaal' AND HARDHEID=54 AND LEMMET='Normaal'
DELETE FROM MESSENDB WHERE ID=50 AND TYPE='Fileermes' AND PRODUCTIEDAG='2010-08-08' AND LENGTE=15.7E0 AND MATERIAAL='Roestvrij staal' AND HARDHEID=59 AND LEMMET='Schaapsvoet'
DELETE FROM MESSENDB WHERE ID=51 AND TYPE='Nakiri-mes' AND PRODUCTIEDAG='2017-06-12' AND LENGTE=16.4E0 AND MATERIAAL='High Carbon Stainless Steel' AND HARDHEID=61 AND LEMMET='Schaapsvoet'
DELETE FROM MESSENDB WHERE ID=52 AND TYPE='Uitbeenmes' AND PRODUCTIEDAG='2005-10-18' AND LENGTE=14.9E0 AND MATERIAAL='Roestvrij staal' AND HARDHEID=55 AND LEMMET='Klip'
DELETE FROM MESSENDB WHERE ID=53 AND TYPE='Steakmes' AND PRODUCTIEDAG='2014-03-30' AND LENGTE=12.6E0 AND MATERIAAL='Roestvrij staal' AND HARDHEID=57 AND LEMMET='Normaal'
DELETE FROM MESSENDB WHERE ID=54 AND TYPE='Keukenmes' AND PRODUCTIEDAG='2022-09-07' AND LENGTE=19.2E0 AND MATERIAAL='Damascus staal' AND HARDHEID=63 AND LEMMET='Schaapsvoet'
DELETE FROM MESSENDB WHERE ID=55 AND TYPE='Visfileermes' AND PRODUCTIEDAG='2011-01-25' AND LENGTE=18.5E0 AND MATERIAAL='High Carbon Stainless Steel' AND HARDHEID=58 AND LEMMET='Droppoint'
DELETE FROM MESSENDB WHERE ID=56 AND TYPE='Hakmes' AND PRODUCTIEDAG='2013-04-09' AND LENGTE=20.7E0 AND MATERIAAL='High Carbon Steel' AND HARDHEID=60 AND LEMMET='Klip'
DELETE FROM MESSENDB WHERE ID=57 AND TYPE='Schilmes' AND PRODUCTIEDAG='2016-08-22' AND LENGTE=8.9E0 AND MATERIAAL='Roestvrij staal' AND HARDHEID=56 AND LEMMET='Normaal'
DELETE FROM MESSENDB WHERE ID=58 AND TYPE='Gyuto-mes' AND PRODUCTIEDAG='2018-05-11' AND LENGTE=21.3E0 AND MATERIAAL='Damascus staal' AND HARDHEID=61 AND LEMMET='Schaapsvoet'
DELETE FROM MESSENDB WHERE ID=59 AND TYPE='Jachtmes' AND PRODUCTIEDAG='2002-10-17' AND LENGTE=12.4E0 AND MATERIAAL='Roestvrij staal' AND HARDHEID=58 AND LEMMET='Droppoint'
COMMIT
DISCONNECT
